[2022-04-15 18:44:55.240] [main] [warning] [File Watcher (node.js)] correcting a path to watch that seems to be a symbolic link or wrong casing (original: /home/uramnoil/.config/Code/User, real: /home/uramnoil/dotfiles/.config/Code/User)
[2022-04-15 18:44:55.297] [main] [info] window#load: attempt to load window (id: 1)
[2022-04-15 18:44:55.307] [main] [info] update#setState idle
[2022-04-15 18:44:55.329] [main] [info] ExtensionHostStarterWorker created
[2022-04-15 18:44:56.239] [main] [info] window#load: window reported ready (id: 1)
[2022-04-15 18:44:56.482] [main] [info] Starting extension host with pid 120210 (fork() took 11 ms).
[2022-04-15 18:44:56.484] [main] [info] ExtensionHostStarterWorker.start() took 14 ms.
[2022-04-15 18:44:56.613] [main] [warning] [File Watcher (node.js)] correcting a path to watch that seems to be a symbolic link or wrong casing (original: /home/uramnoil/.config/Code/User, real: /home/uramnoil/dotfiles/.config/Code/User)
[2022-04-15 18:45:09.163] [main] [info] window#load: attempt to load window (id: 1)
[2022-04-15 18:45:09.176] [main] [info] Extension host with pid 120210 exited with code: 0, signal: null.
[2022-04-15 18:45:09.633] [main] [info] window#load: window reported ready (id: 1)
[2022-04-15 18:45:09.811] [main] [info] Starting extension host with pid 120527 (fork() took 10 ms).
[2022-04-15 18:45:09.811] [main] [info] ExtensionHostStarterWorker.start() took 12 ms.
[2022-04-15 18:45:25.309] [main] [info] update#setState checking for updates
[2022-04-15 18:45:25.396] [main] [info] update#setState idle
[2022-04-15 19:45:25.340] [main] [info] update#setState checking for updates
[2022-04-15 19:45:25.743] [main] [info] update#setState idle
[2022-04-15 20:45:25.443] [main] [info] update#setState checking for updates
[2022-04-15 20:45:25.796] [main] [info] update#setState idle
[2022-04-15 21:45:25.454] [main] [info] update#setState checking for updates
[2022-04-15 21:45:25.837] [main] [info] update#setState idle
