[2022-04-15 18:44:56.634] [renderer1] [info] Ignoring configured affinity for 'pub.name' because the extension is unknown or cannot execute.
[2022-04-15 18:44:56.763] [renderer1] [info] Ignoring configured affinity for 'pub.name' because the extension is unknown or cannot execute.
[2022-04-15 18:44:57.116] [renderer1] [warning] [File Watcher (node.js)] correcting a path to watch that seems to be a symbolic link or wrong casing (original: /home/uramnoil/.config/Code/User, real: /home/uramnoil/dotfiles/.config/Code/User)
[2022-04-15 18:45:09.875] [renderer1] [info] Ignoring configured affinity for 'pub.name' because the extension is unknown or cannot execute.
[2022-04-15 18:45:10.192] [renderer1] [info] Ignoring configured affinity for 'pub.name' because the extension is unknown or cannot execute.
[2022-04-15 18:45:10.218] [renderer1] [warning] [File Watcher (node.js)] correcting a path to watch that seems to be a symbolic link or wrong casing (original: /home/uramnoil/.config/Code/User, real: /home/uramnoil/dotfiles/.config/Code/User)
[2022-04-15 18:46:15.488] [renderer1] [warning] [File Watcher (node.js)] correcting a path to watch that seems to be a symbolic link or wrong casing (original: /home/uramnoil/.config/Code/User/snippets, real: /home/uramnoil/dotfiles/.config/Code/User/snippets)
[2022-04-15 18:46:17.775] [renderer1] [info] Ignoring configured affinity for 'pub.name' because the extension is unknown or cannot execute.
[2022-04-15 19:12:18.990] [renderer1] [error] [File Watcher (universal)] restarting watcher after error: terminated by itself with code undefined, signal: SIGTRAP
[2022-04-15 19:12:19.095] [renderer1] [warning] [File Watcher (node.js)] correcting a path to watch that seems to be a symbolic link or wrong casing (original: /home/uramnoil/.config/Code/User, real: /home/uramnoil/dotfiles/.config/Code/User)
[2022-04-15 19:12:19.096] [renderer1] [warning] [File Watcher (node.js)] correcting a path to watch that seems to be a symbolic link or wrong casing (original: /home/uramnoil/.config/Code/User/snippets, real: /home/uramnoil/dotfiles/.config/Code/User/snippets)
[2022-04-15 19:42:32.114] [renderer1] [error] [File Watcher (universal)] restarting watcher after error: terminated by itself with code undefined, signal: SIGTRAP
[2022-04-15 19:42:32.202] [renderer1] [warning] [File Watcher (node.js)] correcting a path to watch that seems to be a symbolic link or wrong casing (original: /home/uramnoil/.config/Code/User, real: /home/uramnoil/dotfiles/.config/Code/User)
[2022-04-15 19:42:32.203] [renderer1] [warning] [File Watcher (node.js)] correcting a path to watch that seems to be a symbolic link or wrong casing (original: /home/uramnoil/.config/Code/User/snippets, real: /home/uramnoil/dotfiles/.config/Code/User/snippets)
[2022-04-15 20:12:35.751] [renderer1] [error] [File Watcher (universal)] restarting watcher after error: terminated by itself with code undefined, signal: SIGTRAP
[2022-04-15 20:12:35.837] [renderer1] [warning] [File Watcher (node.js)] correcting a path to watch that seems to be a symbolic link or wrong casing (original: /home/uramnoil/.config/Code/User, real: /home/uramnoil/dotfiles/.config/Code/User)
[2022-04-15 20:12:35.837] [renderer1] [warning] [File Watcher (node.js)] correcting a path to watch that seems to be a symbolic link or wrong casing (original: /home/uramnoil/.config/Code/User/snippets, real: /home/uramnoil/dotfiles/.config/Code/User/snippets)
[2022-04-15 20:43:01.095] [renderer1] [error] [File Watcher (universal)] restarting watcher after error: terminated by itself with code undefined, signal: SIGTRAP
[2022-04-15 20:43:01.182] [renderer1] [warning] [File Watcher (node.js)] correcting a path to watch that seems to be a symbolic link or wrong casing (original: /home/uramnoil/.config/Code/User, real: /home/uramnoil/dotfiles/.config/Code/User)
[2022-04-15 20:43:01.182] [renderer1] [warning] [File Watcher (node.js)] correcting a path to watch that seems to be a symbolic link or wrong casing (original: /home/uramnoil/.config/Code/User/snippets, real: /home/uramnoil/dotfiles/.config/Code/User/snippets)
[2022-04-15 21:13:10.338] [renderer1] [error] [File Watcher (universal)] restarting watcher after error: terminated by itself with code undefined, signal: SIGTRAP
[2022-04-15 21:13:10.427] [renderer1] [warning] [File Watcher (node.js)] correcting a path to watch that seems to be a symbolic link or wrong casing (original: /home/uramnoil/.config/Code/User, real: /home/uramnoil/dotfiles/.config/Code/User)
[2022-04-15 21:13:10.428] [renderer1] [warning] [File Watcher (node.js)] correcting a path to watch that seems to be a symbolic link or wrong casing (original: /home/uramnoil/.config/Code/User/snippets, real: /home/uramnoil/dotfiles/.config/Code/User/snippets)
[2022-04-15 21:43:08.552] [renderer1] [error] [File Watcher (universal)] gave up attempting to restart watcher after error: terminated by itself with code undefined, signal: SIGTRAP
